Base path: C:/Program Files (x86)/Unity/Editor/Data
Pipe name: \\.\pipe\UnityShaderCompiler-1-20628
Cmd: getPlatforms
Cmd: preprocess
  insize=1782 outsize=1213 ok=1
Cmd: compileSnippet
  api=4 type=0 insize=5620 outsize=4435 kw=DIRECTIONAL SHADOWS_OFF LIGHTMAP_OFF DIRLIGHTMAP_OFF ok=1
Cmd: compileSnippet
  api=4 type=1 insize=5620 outsize=2444 kw=DIRECTIONAL SHADOWS_OFF LIGHTMAP_OFF DIRLIGHTMAP_OFF ok=1
Cmd: compileSnippet
  api=4 type=0 insize=3341 outsize=4150 kw=POINT ok=1
Cmd: compileSnippet
  api=4 type=1 insize=3341 outsize=2493 kw=POINT ok=1
Cmd: compileSnippet
  api=4 type=0 insize=3341 outsize=3370 kw=DIRECTIONAL ok=1
Cmd: compileSnippet
  api=4 type=1 insize=3341 outsize=2022 kw=DIRECTIONAL ok=1
Cmd: preprocess
  insize=1782 outsize=1213 ok=1
Cmd: preprocess
  error: 1 plat 12 at (1389): Compiling shaders to OpenGL ES 2.0, Xbox 360, PS3, Flash or DX11 requires both vertex and fragment programs
  insize=2106 outsize=2946 ok=1
Cmd: compileSnippet
  api=4 type=0 insize=4876 outsize=2607 kw=DIRECTIONAL SHADOWS_OFF LIGHTMAP_OFF DIRLIGHTMAP_OFF ok=1
Cmd: compileSnippet
  api=4 type=1 insize=4876 outsize=1307 kw=DIRECTIONAL SHADOWS_OFF LIGHTMAP_OFF DIRLIGHTMAP_OFF ok=1
Cmd: compileSnippet
  api=4 type=0 insize=2852 outsize=2875 kw=POINT ok=1
Cmd: compileSnippet
  api=4 type=1 insize=2852 outsize=1607 kw=POINT ok=1
Cmd: compileSnippet
  api=4 type=0 insize=2380 outsize=1477 kw= ok=1
Cmd: compileSnippet
  api=4 type=1 insize=2380 outsize=632 kw= ok=1
Cmd: compileSnippet
  api=4 type=0 insize=4593 outsize=2883 kw=LIGHTMAP_OFF DIRLIGHTMAP_OFF HDR_LIGHT_PREPASS_OFF ok=1
Cmd: compileSnippet
  api=4 type=1 insize=4593 outsize=1250 kw=LIGHTMAP_OFF DIRLIGHTMAP_OFF HDR_LIGHT_PREPASS_OFF ok=1
Cmd: compileSnippet
  api=4 type=0 insize=936 outsize=1599 kw= ok=1
Cmd: compileSnippet
  api=4 type=1 insize=936 outsize=502 kw= ok=1
Cmd: compileSnippet
  api=4 type=0 insize=4877 outsize=2607 kw=DIRECTIONAL SHADOWS_OFF LIGHTMAP_OFF DIRLIGHTMAP_OFF ok=1
Cmd: compileSnippet
  api=4 type=1 insize=4877 outsize=1307 kw=DIRECTIONAL SHADOWS_OFF LIGHTMAP_OFF DIRLIGHTMAP_OFF ok=1
Cmd: compileSnippet
  api=4 type=0 insize=2852 outsize=2875 kw=POINT ok=1
Cmd: compileSnippet
  api=4 type=1 insize=2852 outsize=1607 kw=POINT ok=1
Cmd: compileSnippet
  api=4 type=0 insize=2381 outsize=1477 kw= ok=1
Cmd: compileSnippet
  api=4 type=1 insize=2381 outsize=632 kw= ok=1
Cmd: compileSnippet
  api=4 type=0 insize=4594 outsize=2883 kw=LIGHTMAP_OFF DIRLIGHTMAP_OFF HDR_LIGHT_PREPASS_OFF ok=1
Cmd: compileSnippet
  api=4 type=1 insize=4594 outsize=1250 kw=LIGHTMAP_OFF DIRLIGHTMAP_OFF HDR_LIGHT_PREPASS_OFF ok=1
Cmd: compileSnippet
  api=4 type=0 insize=2852 outsize=1851 kw=DIRECTIONAL ok=1
Cmd: compileSnippet
  api=4 type=1 insize=2852 outsize=1193 kw=DIRECTIONAL ok=1
Cmd: compileSnippet
  api=4 type=0 insize=4876 outsize=2997 kw=DIRECTIONAL SHADOWS_SCREEN LIGHTMAP_OFF DIRLIGHTMAP_OFF ok=1
Cmd: compileSnippet
  api=4 type=1 insize=4876 outsize=1567 kw=DIRECTIONAL SHADOWS_SCREEN LIGHTMAP_OFF DIRLIGHTMAP_OFF ok=1
